Arguments: 
  C:\Program Files\nodejs\node.exe C:\Users\Mucahid Yazar\AppData\Roaming\npm\node_modules\yarn\bin\yarn.js add axıos

PATH: 
  C:\Program Files (x86)\Common Files\Oracle\Java\javapath;C:\WINDOWS\system32;C:\WINDOWS;C:\WINDOWS\System32\Wbem;C:\WINDOWS\System32\WindowsPowerShell\v1.0\;C:\WINDOWS\System32\OpenSSH\;C:\Program Files\dotnet\;C:\Program Files\Microsoft SQL Server\Client SDK\ODBC\130\Tools\Binn\;C:\Program Files (x86)\Microsoft SQL Server\140\Tools\Binn\;C:\Program Files\Microsoft SQL Server\140\Tools\Binn\;C:\Program Files\Microsoft SQL Server\140\DTS\Binn\;C:\Program Files (x86)\Microsoft SQL Server\150\DTS\Binn\;C:\Program Files (x86)\NVIDIA Corporation\PhysX\Common;C:\Program Files\NVIDIA Corporation\NVIDIA NvDLISR;C:\WINDOWS\system32;C:\WINDOWS;C:\WINDOWS\System32\Wbem;C:\WINDOWS\System32\WindowsPowerShell\v1.0\;C:\WINDOWS\System32\OpenSSH\;C:\Program Files\Git\cmd;C:\Program Files\Microsoft SQL Server\130\Tools\Binn\;C:\Program Files\nodejs\;C:\Python35\Scripts\;C:\Python35\;C:\Users\Mucahid Yazar\AppData\Local\Microsoft\WindowsApps;C:\Users\mucah\AppData\Roaming\npm;C:\Users\Mucahid Yazar\AppData\Local\atom\bin;C:\Program Files\Microsoft VS Code\bin;C:\Program Files\MongoDB\Server\4.2\bin;C:\Program Files\Microsoft VS Code;C:\Program Files\heroku\bin;C:\Users\Mucahid Yazar\AppData\Roaming\npm

Yarn version: 
  1.21.1

Node version: 
  13.5.0

Platform: 
  win32 x64

Trace: 
  TypeError [ERR_UNESCAPED_CHARACTERS]: Request path contains unescaped characters
      at new ClientRequest (_http_client.js:148:13)
      at Object.request (https.js:308:10)
      at Request.module.exports.Request.start (C:\Users\Mucahid Yazar\AppData\Roaming\npm\node_modules\yarn\lib\cli.js:141227:32)
      at Request.module.exports.Request.end (C:\Users\Mucahid Yazar\AppData\Roaming\npm\node_modules\yarn\lib\cli.js:141986:10)
      at end (C:\Users\Mucahid Yazar\AppData\Roaming\npm\node_modules\yarn\lib\cli.js:141040:14)
      at Immediate._onImmediate (C:\Users\Mucahid Yazar\AppData\Roaming\npm\node_modules\yarn\lib\cli.js:141054:7)
      at processImmediate (internal/timers.js:445:21)

npm manifest: 
  {
    "name": "fetchjson",
    "version": "1.0.0",
    "description": "",
    "main": "index.js",
    "scripts": {
      "test": "echo \"Error: no test specified\" && exit 1"
    },
    "keywords": [],
    "author": "",
    "license": "ISC"
  }

yarn manifest: 
  No manifest

Lockfile: 
  No lockfile
